G:\opencv_mfc\Time_detector(按照指针粗细识别)\Release\Time_detector.exe
G:\opencv_mfc\Time_detector(按照指针粗细识别)\Release\Time_detector.pdb
G:\opencv_mfc\Time_detector(按照指针粗细识别)\Time_detector\Release\cl.command.1.tlog
G:\opencv_mfc\Time_detector(按照指针粗细识别)\Time_detector\Release\CL.read.1.tlog
G:\opencv_mfc\Time_detector(按照指针粗细识别)\Time_detector\Release\CL.write.1.tlog
G:\opencv_mfc\Time_detector(按照指针粗细识别)\Time_detector\Release\CvvImage.obj
G:\opencv_mfc\Time_detector(按照指针粗细识别)\Time_detector\Release\link.command.1.tlog
G:\opencv_mfc\Time_detector(按照指针粗细识别)\Time_detector\Release\link.read.1.tlog
G:\opencv_mfc\Time_detector(按照指针粗细识别)\Time_detector\Release\link.write.1.tlog
G:\opencv_mfc\Time_detector(按照指针粗细识别)\Time_detector\Release\link-cvtres.read.1.tlog
G:\opencv_mfc\Time_detector(按照指针粗细识别)\Time_detector\Release\link-cvtres.write.1.tlog
G:\opencv_mfc\Time_detector(按照指针粗细识别)\Time_detector\Release\mt.command.1.tlog
G:\opencv_mfc\Time_detector(按照指针粗细识别)\Time_detector\Release\mt.read.1.tlog
G:\opencv_mfc\Time_detector(按照指针粗细识别)\Time_detector\Release\mt.write.1.tlog
G:\opencv_mfc\Time_detector(按照指针粗细识别)\Time_detector\Release\rc.command.1.tlog
G:\opencv_mfc\Time_detector(按照指针粗细识别)\Time_detector\Release\rc.read.1.tlog
G:\opencv_mfc\Time_detector(按照指针粗细识别)\Time_detector\Release\rc.write.1.tlog
G:\opencv_mfc\Time_detector(按照指针粗细识别)\Time_detector\Release\stdafx.obj
G:\opencv_mfc\Time_detector(按照指针粗细识别)\Time_detector\Release\Time_detector.exe.intermediate.manifest
G:\opencv_mfc\Time_detector(按照指针粗细识别)\Time_detector\Release\Time_detector.obj
G:\opencv_mfc\Time_detector(按照指针粗细识别)\Time_detector\Release\Time_detector.pch
G:\opencv_mfc\Time_detector(按照指针粗细识别)\Time_detector\Release\Time_detector.res
G:\opencv_mfc\Time_detector(按照指针粗细识别)\Time_detector\Release\Time_detectorDlg.obj
G:\opencv_mfc\Time_detector(按照指针粗细识别)\Time_detector\Release\vc100.pdb
G:\OPENCV_MFC\TIME_DETECTOR\RELEASE\TIME_DETECTOR.EXE
G:\OPENCV_MFC\TIME_DETECTOR\RELEASE\TIME_DETECTOR.PDB
G:\OPENCV_MFC\TIME_DETECTOR\TIME_DETECTOR\RELEASE\CVVIMAGE.OBJ
G:\OPENCV_MFC\TIME_DETECTOR\TIME_DETECTOR\RELEASE\STDAFX.OBJ
G:\OPENCV_MFC\TIME_DETECTOR\TIME_DETECTOR\RELEASE\TIME_DETECTOR.EXE.INTERMEDIATE.MANIFEST
G:\OPENCV_MFC\TIME_DETECTOR\TIME_DETECTOR\RELEASE\TIME_DETECTOR.OBJ
G:\OPENCV_MFC\TIME_DETECTOR\TIME_DETECTOR\RELEASE\TIME_DETECTOR.PCH
G:\OPENCV_MFC\TIME_DETECTOR\TIME_DETECTOR\RELEASE\TIME_DETECTOR.RES
G:\OPENCV_MFC\TIME_DETECTOR\TIME_DETECTOR\RELEASE\TIME_DETECTORDLG.OBJ
G:\OPENCV_MFC\TIME_DETECTOR\TIME_DETECTOR\RELEASE\VC100.PDB
