G:\OPENCV_MFC\TIME_DETECTOR\DEBUG\TIME_DETECTOR.EXE
G:\OPENCV_MFC\TIME_DETECTOR\DEBUG\TIME_DETECTOR.ILK
G:\OPENCV_MFC\TIME_DETECTOR\DEBUG\TIME_DETECTOR.PDB
G:\opencv_mfc\Time_detector\Time_detector\Debug\cl.command.1.tlog
G:\opencv_mfc\Time_detector\Time_detector\Debug\CL.read.1.tlog
G:\opencv_mfc\Time_detector\Time_detector\Debug\CL.write.1.tlog
G:\OPENCV_MFC\TIME_DETECTOR\TIME_DETECTOR\DEBUG\CVVIMAGE.OBJ
G:\opencv_mfc\Time_detector\Time_detector\Debug\link.command.1.tlog
G:\opencv_mfc\Time_detector\Time_detector\Debug\link.read.1.tlog
G:\opencv_mfc\Time_detector\Time_detector\Debug\link.write.1.tlog
G:\opencv_mfc\Time_detector\Time_detector\Debug\link-cvtres.read.1.tlog
G:\opencv_mfc\Time_detector\Time_detector\Debug\link-cvtres.write.1.tlog
G:\opencv_mfc\Time_detector\Time_detector\Debug\mt.command.1.tlog
G:\opencv_mfc\Time_detector\Time_detector\Debug\mt.read.1.tlog
G:\opencv_mfc\Time_detector\Time_detector\Debug\mt.write.1.tlog
G:\opencv_mfc\Time_detector\Time_detector\Debug\rc.command.1.tlog
G:\opencv_mfc\Time_detector\Time_detector\Debug\rc.read.1.tlog
G:\opencv_mfc\Time_detector\Time_detector\Debug\rc.write.1.tlog
G:\OPENCV_MFC\TIME_DETECTOR\TIME_DETECTOR\DEBUG\STDAFX.OBJ
G:\OPENCV_MFC\TIME_DETECTOR\TIME_DETECTOR\DEBUG\TIME_DETECTOR.EXE.EMBED.MANIFEST
G:\OPENCV_MFC\TIME_DETECTOR\TIME_DETECTOR\DEBUG\TIME_DETECTOR.EXE.EMBED.MANIFEST.RES
G:\OPENCV_MFC\TIME_DETECTOR\TIME_DETECTOR\DEBUG\TIME_DETECTOR.EXE.INTERMEDIATE.MANIFEST
G:\OPENCV_MFC\TIME_DETECTOR\TIME_DETECTOR\DEBUG\TIME_DETECTOR.OBJ
G:\OPENCV_MFC\TIME_DETECTOR\TIME_DETECTOR\DEBUG\TIME_DETECTOR.PCH
G:\OPENCV_MFC\TIME_DETECTOR\TIME_DETECTOR\DEBUG\TIME_DETECTOR.RES
G:\opencv_mfc\Time_detector\Time_detector\Debug\Time_detector_manifest.rc
G:\OPENCV_MFC\TIME_DETECTOR\TIME_DETECTOR\DEBUG\TIME_DETECTORDLG.OBJ
G:\opencv_mfc\Time_detector\Time_detector\Debug\vc100.idb
G:\OPENCV_MFC\TIME_DETECTOR\TIME_DETECTOR\DEBUG\VC100.PDB
